{"name": "用例87-88：我的等级-女-外部显示和内部跳转", "status": "broken", "statusDetails": {"message": "selenium.common.exceptions.InvalidSelectorException: Message: Unsupported CSS selector '[class=\"vLevelFake\"]'. Reason: 'Error: 'class' is not a valid attribute. Supported attributes are 'checkable, checked, clickable, enabled, focusable, focused, long-clickable, scrollable, selected, index, instance, description, resource-id, text, class-name, package-name''\nStacktrace:\nInvalidSelectorError: Unsupported CSS selector '[class=\"vLevelFake\"]'. Reason: 'Error: 'class' is not a valid attribute. Supported attributes are 'checkable, checked, clickable, enabled, focusable, focused, long-clickable, scrollable, selected, index, instance, description, resource-id, text, class-name, package-name''\n    at Object.toUiAutomatorSelector (C:\\Program Files\\Appium\\resources\\app\\node_modules\\appium\\node_modules\\appium-uiautomator2-driver\\lib\\css-converter.js:316:11)\n    at AndroidUiautomator2Driver.doFindElementOrEls (C:\\Program Files\\Appium\\resources\\app\\node_modules\\appium\\node_modules\\appium-uiautomator2-driver\\lib\\commands\\find.js:27:36)\n    at condFn (C:\\Program Files\\Appium\\resources\\app\\node_modules\\appium\\node_modules\\appium-android-driver\\lib\\commands\\find.js:36:28)\n    at condFn (C:\\Program Files\\Appium\\resources\\app\\node_modules\\appium\\node_modules\\appium-base-driver\\lib\\basedriver\\commands\\timeout.js:151:18)\n    at spin (C:\\Program Files\\Appium\\resources\\app\\node_modules\\appium\\node_modules\\asyncbox\\lib\\asyncbox.js:138:26)\n    at waitForCondition (C:\\Program Files\\Appium\\resources\\app\\node_modules\\appium\\node_modules\\asyncbox\\lib\\asyncbox.js:154:16)\n    at AndroidUiautomator2Driver.implicitWaitForCondition (C:\\Program Files\\Appium\\resources\\app\\node_modules\\appium\\node_modules\\appium-base-driver\\lib\\basedriver\\commands\\timeout.js:153:16)\n    at AndroidUiautomator2Driver.findElOrEls (C:\\Program Files\\Appium\\resources\\app\\node_modules\\appium\\node_modules\\appium-android-driver\\lib\\commands\\find.js:60:16)\n    at AndroidUiautomator2Driver.findElOrElsWithProcessing (C:\\Program Files\\Appium\\resources\\app\\node_modules\\appium\\node_modules\\appium-base-driver\\lib\\basedriver\\commands\\find.js:33:23)\n    at AndroidUiautomator2Driver.findElement (C:\\Program Files\\Appium\\resources\\app\\node_modules\\appium\\node_modules\\appium-base-driver\\lib\\basedriver\\commands\\find.js:53:21)\n    at commandExecutor (C:\\Program Files\\Appium\\resources\\app\\node_modules\\appium\\node_modules\\appium-base-driver\\lib\\basedriver\\driver.js:335:9)\n    at C:\\Program Files\\Appium\\resources\\app\\node_modules\\appium\\node_modules\\async-lock\\lib\\index.js:137:12\n    at AsyncLock._promiseTry (C:\\Program Files\\Appium\\resources\\app\\node_modules\\appium\\node_modules\\async-lock\\lib\\index.js:261:31)\n    at exec (C:\\Program Files\\Appium\\resources\\app\\node_modules\\appium\\node_modules\\async-lock\\lib\\index.js:136:9)\n    at AsyncLock.acquire (C:\\Program Files\\Appium\\resources\\app\\node_modules\\appium\\node_modules\\async-lock\\lib\\index.js:152:3)\n    at AndroidUiautomator2Driver.executeCommand (C:\\Program Files\\Appium\\resources\\app\\node_modules\\appium\\node_modules\\appium-base-driver\\lib\\basedriver\\driver.js:348:39)\n    at AppiumDriver.executeCommand (C:\\Program Files\\Appium\\resources\\app\\node_modules\\appium\\lib\\appium.js:563:36)\n    at runMicrotasks (<anonymous>)\n    at processTicksAndRejections (internal/process/task_queues.js:85:5)\n    at asyncHandler (C:\\Program Files\\Appium\\resources\\app\\node_modules\\appium\\node_modules\\appium-base-driver\\lib\\protocol\\protocol.js:297:21)", "trace": "self = <test_case.test_mypage_multi.Test_multi_mypage object at 0x0000018355F24D90>\n\n    @allure.story('我的等级')\n    # @pytest.mark.skip(reason=\"本次不执行\")\n    @allure.severity(allure.severity_level.BLOCKER)\n    @allure.title('用例87-88：我的等级-女-外部显示和内部跳转')\n    def test_homepage87(self):\n        logging.info(\"===我的等级-女-外部显示和内部跳转===\")\n        self.multiwoman.tab_Mine_Btn()\n        try:\n            my_vipLevel_NowLevelImgWomanZero = self.womandriver.find_element(*MultiWoman.my_vipLevel_NowLevelImgZeroAndWoman).text\n            self.multiwoman.vip_Level_right_click()\n>           assert self.multiwoman.vipLevel_level_value() == my_vipLevel_NowLevelImgWomanZero\n\ntest_mypage_multi.py:2828: \n_ _ _ _ _ _ _ _ _ _ _ _ _ _ _ _ _ _ _ _ _ _ _ _ _ _ _ _ _ _ _ _ _ _ _ _ _ _ _ _ _ _ _ _ _ _ _ _ _ _ _ _ _ _ _ _ _ _ _ _ _ _ _ _ _ _ _ _ _ _ _ _ _ _ _ _ _ _ _ _ _ _ _ _ _ _ _ _ _ _ _ _ _ _ _ _ _ _ _ _ _ _ _ _ _ _ _ _ _ _ _ _ _ _ _\n..\\common\\mypage_multi\\multiMypage_woman.py:2619: in vipLevel_level_value\n    ll = self.driver.find_element(*self.level_specificNumberCss).text\nC:\\Users\\1\\AppData\\Local\\Programs\\Python\\Python311\\Lib\\site-packages\\appium\\webdriver\\webdriver.py:371: in find_element\n    return self.execute(RemoteCommand.FIND_ELEMENT, {'using': by, 'value': value})['value']\nC:\\Users\\1\\AppData\\Local\\Programs\\Python\\Python311\\Lib\\site-packages\\selenium\\webdriver\\remote\\webdriver.py:444: in execute\n    self.error_handler.check_response(response)\nC:\\Users\\1\\AppData\\Local\\Programs\\Python\\Python311\\Lib\\site-packages\\appium\\webdriver\\errorhandler.py:30: in check_response\n    raise wde\nC:\\Users\\1\\AppData\\Local\\Programs\\Python\\Python311\\Lib\\site-packages\\appium\\webdriver\\errorhandler.py:26: in check_response\n    super().check_response(response)\n_ _ _ _ _ _ _ _ _ _ _ _ _ _ _ _ _ _ _ _ _ _ _ _ _ _ _ _ _ _ _ _ _ _ _ _ _ _ _ _ _ _ _ _ _ _ _ _ _ _ _ _ _ _ _ _ _ _ _ _ _ _ _ _ _ _ _ _ _ _ _ _ _ _ _ _ _ _ _ _ _ _ _ _ _ _ _ _ _ _ _ _ _ _ _ _ _ _ _ _ _ _ _ _ _ _ _ _ _ _ _ _ _ _ _\n\nself = <appium.webdriver.errorhandler.MobileErrorHandler object at 0x000001835638E210>\nresponse = {'status': 400, 'value': '{\"value\":{\"error\":\"invalid selector\",\"message\":\"Unsupported CSS selector \\'[class=\\\\\"vLevelF...s\\\\\\\\app\\\\\\\\node_modules\\\\\\\\appium\\\\\\\\node_modules\\\\\\\\appium-base-driver\\\\\\\\lib\\\\\\\\protocol\\\\\\\\protocol.js:297:21)\"}}'}\n\n    def check_response(self, response: Dict[str, Any]) -> None:\n        \"\"\"\n        Checks that a JSON response from the WebDriver does not have an error.\n    \n        :Args:\n         - response - The JSON response from the WebDriver server as a dictionary\n           object.\n    \n        :Raises: If the response contains an error message.\n        \"\"\"\n        status = response.get(\"status\", None)\n        if not status or status == ErrorCode.SUCCESS:\n            return\n        value = None\n        message = response.get(\"message\", \"\")\n        screen: str = response.get(\"screen\", \"\")\n        stacktrace = None\n        if isinstance(status, int):\n            value_json = response.get(\"value\", None)\n            if value_json and isinstance(value_json, str):\n                import json\n    \n                try:\n                    value = json.loads(value_json)\n                    if len(value.keys()) == 1:\n                        value = value[\"value\"]\n                    status = value.get(\"error\", None)\n                    if not status:\n                        status = value.get(\"status\", ErrorCode.UNKNOWN_ERROR)\n                        message = value.get(\"value\") or value.get(\"message\")\n                        if not isinstance(message, str):\n                            value = message\n                            message = message.get(\"message\")\n                    else:\n                        message = value.get(\"message\", None)\n                except ValueError:\n                    pass\n    \n        exception_class: Type[WebDriverException]\n        if status in ErrorCode.NO_SUCH_ELEMENT:\n            exception_class = NoSuchElementException\n        elif status in ErrorCode.NO_SUCH_FRAME:\n            exception_class = NoSuchFrameException\n        elif status in ErrorCode.NO_SUCH_SHADOW_ROOT:\n            exception_class = NoSuchShadowRootException\n        elif status in ErrorCode.NO_SUCH_WINDOW:\n            exception_class = NoSuchWindowException\n        elif status in ErrorCode.STALE_ELEMENT_REFERENCE:\n            exception_class = StaleElementReferenceException\n        elif status in ErrorCode.ELEMENT_NOT_VISIBLE:\n            exception_class = ElementNotVisibleException\n        elif status in ErrorCode.INVALID_ELEMENT_STATE:\n            exception_class = InvalidElementStateException\n        elif (\n            status in ErrorCode.INVALID_SELECTOR\n            or status in ErrorCode.INVALID_XPATH_SELECTOR\n            or status in ErrorCode.INVALID_XPATH_SELECTOR_RETURN_TYPER\n        ):\n            exception_class = InvalidSelectorException\n        elif status in ErrorCode.ELEMENT_IS_NOT_SELECTABLE:\n            exception_class = ElementNotSelectableException\n        elif status in ErrorCode.ELEMENT_NOT_INTERACTABLE:\n            exception_class = ElementNotInteractableException\n        elif status in ErrorCode.INVALID_COOKIE_DOMAIN:\n            exception_class = InvalidCookieDomainException\n        elif status in ErrorCode.UNABLE_TO_SET_COOKIE:\n            exception_class = UnableToSetCookieException\n        elif status in ErrorCode.TIMEOUT:\n            exception_class = TimeoutException\n        elif status in ErrorCode.SCRIPT_TIMEOUT:\n            exception_class = TimeoutException\n        elif status in ErrorCode.UNKNOWN_ERROR:\n            exception_class = WebDriverException\n        elif status in ErrorCode.UNEXPECTED_ALERT_OPEN:\n            exception_class = UnexpectedAlertPresentException\n        elif status in ErrorCode.NO_ALERT_OPEN:\n            exception_class = NoAlertPresentException\n        elif status in ErrorCode.IME_NOT_AVAILABLE:\n            exception_class = ImeNotAvailableException\n        elif status in ErrorCode.IME_ENGINE_ACTIVATION_FAILED:\n            exception_class = ImeActivationFailedException\n        elif status in ErrorCode.MOVE_TARGET_OUT_OF_BOUNDS:\n            exception_class = MoveTargetOutOfBoundsException\n        elif status in ErrorCode.JAVASCRIPT_ERROR:\n            exception_class = JavascriptException\n        elif status in ErrorCode.SESSION_NOT_CREATED:\n            exception_class = SessionNotCreatedException\n        elif status in ErrorCode.INVALID_ARGUMENT:\n            exception_class = InvalidArgumentException\n        elif status in ErrorCode.NO_SUCH_COOKIE:\n            exception_class = NoSuchCookieException\n        elif status in ErrorCode.UNABLE_TO_CAPTURE_SCREEN:\n            exception_class = ScreenshotException\n        elif status in ErrorCode.ELEMENT_CLICK_INTERCEPTED:\n            exception_class = ElementClickInterceptedException\n        elif status in ErrorCode.INSECURE_CERTIFICATE:\n            exception_class = InsecureCertificateException\n        elif status in ErrorCode.INVALID_COORDINATES:\n            exception_class = InvalidCoordinatesException\n        elif status in ErrorCode.INVALID_SESSION_ID:\n            exception_class = InvalidSessionIdException\n        elif status in ErrorCode.UNKNOWN_METHOD:\n            exception_class = UnknownMethodException\n        else:\n            exception_class = WebDriverException\n        if not value:\n            value = response[\"value\"]\n        if isinstance(value, str):\n            raise exception_class(value)\n        if message == \"\" and \"message\" in value:\n            message = value[\"message\"]\n    \n        screen = None  # type: ignore[assignment]\n        if \"screen\" in value:\n            screen = value[\"screen\"]\n    \n        stacktrace = None\n        st_value = value.get(\"stackTrace\") or value.get(\"stacktrace\")\n        if st_value:\n            if isinstance(st_value, str):\n                stacktrace = st_value.split(\"\\n\")\n            else:\n                stacktrace = []\n                try:\n                    for frame in st_value:\n                        line = frame.get(\"lineNumber\", \"\")\n                        file = frame.get(\"fileName\", \"<anonymous>\")\n                        if line:\n                            file = f\"{file}:{line}\"\n                        meth = frame.get(\"methodName\", \"<anonymous>\")\n                        if \"className\" in frame:\n                            meth = \"{}.{}\".format(frame[\"className\"], meth)\n                        msg = \"    at %s (%s)\"\n                        msg = msg % (meth, file)\n                        stacktrace.append(msg)\n                except TypeError:\n                    pass\n        if exception_class == UnexpectedAlertPresentException:\n            alert_text = None\n            if \"data\" in value:\n                alert_text = value[\"data\"].get(\"text\")\n            elif \"alert\" in value:\n                alert_text = value[\"alert\"].get(\"text\")\n            raise exception_class(message, screen, stacktrace, alert_text)  # type: ignore[call-arg]  # mypy is not smart enough here\n>       raise exception_class(message, screen, stacktrace)\nE       selenium.common.exceptions.InvalidSelectorException: Message: Unsupported CSS selector '[class=\"vLevelFake\"]'. Reason: 'Error: 'class' is not a valid attribute. Supported attributes are 'checkable, checked, clickable, enabled, focusable, focused, long-clickable, scrollable, selected, index, instance, description, resource-id, text, class-name, package-name''\nE       Stacktrace:\nE       InvalidSelectorError: Unsupported CSS selector '[class=\"vLevelFake\"]'. Reason: 'Error: 'class' is not a valid attribute. Supported attributes are 'checkable, checked, clickable, enabled, focusable, focused, long-clickable, scrollable, selected, index, instance, description, resource-id, text, class-name, package-name''\nE           at Object.toUiAutomatorSelector (C:\\Program Files\\Appium\\resources\\app\\node_modules\\appium\\node_modules\\appium-uiautomator2-driver\\lib\\css-converter.js:316:11)\nE           at AndroidUiautomator2Driver.doFindElementOrEls (C:\\Program Files\\Appium\\resources\\app\\node_modules\\appium\\node_modules\\appium-uiautomator2-driver\\lib\\commands\\find.js:27:36)\nE           at condFn (C:\\Program Files\\Appium\\resources\\app\\node_modules\\appium\\node_modules\\appium-android-driver\\lib\\commands\\find.js:36:28)\nE           at condFn (C:\\Program Files\\Appium\\resources\\app\\node_modules\\appium\\node_modules\\appium-base-driver\\lib\\basedriver\\commands\\timeout.js:151:18)\nE           at spin (C:\\Program Files\\Appium\\resources\\app\\node_modules\\appium\\node_modules\\asyncbox\\lib\\asyncbox.js:138:26)\nE           at waitForCondition (C:\\Program Files\\Appium\\resources\\app\\node_modules\\appium\\node_modules\\asyncbox\\lib\\asyncbox.js:154:16)\nE           at AndroidUiautomator2Driver.implicitWaitForCondition (C:\\Program Files\\Appium\\resources\\app\\node_modules\\appium\\node_modules\\appium-base-driver\\lib\\basedriver\\commands\\timeout.js:153:16)\nE           at AndroidUiautomator2Driver.findElOrEls (C:\\Program Files\\Appium\\resources\\app\\node_modules\\appium\\node_modules\\appium-android-driver\\lib\\commands\\find.js:60:16)\nE           at AndroidUiautomator2Driver.findElOrElsWithProcessing (C:\\Program Files\\Appium\\resources\\app\\node_modules\\appium\\node_modules\\appium-base-driver\\lib\\basedriver\\commands\\find.js:33:23)\nE           at AndroidUiautomator2Driver.findElement (C:\\Program Files\\Appium\\resources\\app\\node_modules\\appium\\node_modules\\appium-base-driver\\lib\\basedriver\\commands\\find.js:53:21)\nE           at commandExecutor (C:\\Program Files\\Appium\\resources\\app\\node_modules\\appium\\node_modules\\appium-base-driver\\lib\\basedriver\\driver.js:335:9)\nE           at C:\\Program Files\\Appium\\resources\\app\\node_modules\\appium\\node_modules\\async-lock\\lib\\index.js:137:12\nE           at AsyncLock._promiseTry (C:\\Program Files\\Appium\\resources\\app\\node_modules\\appium\\node_modules\\async-lock\\lib\\index.js:261:31)\nE           at exec (C:\\Program Files\\Appium\\resources\\app\\node_modules\\appium\\node_modules\\async-lock\\lib\\index.js:136:9)\nE           at AsyncLock.acquire (C:\\Program Files\\Appium\\resources\\app\\node_modules\\appium\\node_modules\\async-lock\\lib\\index.js:152:3)\nE           at AndroidUiautomator2Driver.executeCommand (C:\\Program Files\\Appium\\resources\\app\\node_modules\\appium\\node_modules\\appium-base-driver\\lib\\basedriver\\driver.js:348:39)\nE           at AppiumDriver.executeCommand (C:\\Program Files\\Appium\\resources\\app\\node_modules\\appium\\lib\\appium.js:563:36)\nE           at runMicrotasks (<anonymous>)\nE           at processTicksAndRejections (internal/process/task_queues.js:85:5)\nE           at asyncHandler (C:\\Program Files\\Appium\\resources\\app\\node_modules\\appium\\node_modules\\appium-base-driver\\lib\\protocol\\protocol.js:297:21)\n\nC:\\Users\\1\\AppData\\Local\\Programs\\Python\\Python311\\Lib\\site-packages\\selenium\\webdriver\\remote\\errorhandler.py:249: InvalidSelectorException"}, "attachments": [{"name": "我的等级-女-外部显示和内部跳转", "source": "19b2a9a7-d277-46b0-aa6f-0c1873fb41a5-attachment.png", "type": "image/png"}, {"name": "log", "source": "db338838-2e6e-49fe-b9f2-c68a67d7e7d9-attachment.txt", "type": "text/plain"}], "start": 1692257338132, "stop": 1692257343463, "uuid": "4ea3ce5a-6ced-4b05-9875-94e614f18026", "historyId": "6d739803c31548d7a01d8ee0c6b40125", "testCaseId": "6d739803c31548d7a01d8ee0c6b40125", "fullName": "test_mypage_multi.Test_multi_mypage#test_homepage87", "labels": [{"name": "severity", "value": "blocker"}, {"name": "story", "value": "我的等级"}, {"name": "suite", "value": "test_mypage_multi"}, {"name": "subSuite", "value": "Test_multi_mypage"}, {"name": "host", "value": "DESKTOP-0HF3IT4"}, {"name": "thread", "value": "5236-MainThread"}, {"name": "framework", "value": "pytest"}, {"name": "language", "value": "cpython3"}, {"name": "package", "value": "test_mypage_multi"}]}