{"name": "用例117：主播群聊页面上麦", "status": "broken", "statusDetails": {"message": "selenium.common.exceptions.TimeoutException: Message: \nStacktrace:\nNoSuchElementError: An element could not be located on the page using the given search parameters.\n    at AndroidUiautomator2Driver.findElOrEls (C:\\Users\\pgk bqt\\AppData\\Local\\Programs\\Appium Server GUI\\resources\\app\\node_modules\\appium\\node_modules\\appium-android-driver\\lib\\commands\\find.js:75:11)\n    at runMicrotasks (<anonymous>)\n    at processTicksAndRejections (internal/process/task_queues.js:97:5)\n    at AndroidUiautomator2Driver.findElOrElsWithProcessing (C:\\Users\\pgk bqt\\AppData\\Local\\Programs\\Appium Server GUI\\resources\\app\\node_modules\\appium\\node_modules\\appium-base-driver\\lib\\basedriver\\commands\\find.js:33:12)\n    at AndroidUiautomator2Driver.findElement (C:\\Users\\pgk bqt\\AppData\\Local\\Programs\\Appium Server GUI\\resources\\app\\node_modules\\appium\\node_modules\\appium-base-driver\\lib\\basedriver\\commands\\find.js:53:10)", "trace": "self = <test_case.test_10party_mult.Test_multchamet object at 0x000001F099C461D0>\n\n    @allure.severity(allure.severity_level.MINOR)\n    @allure.title('用例117：主播群聊页面上麦')\n    def test_TenParty_117(self):\n        logging.info('===用例117：主播群聊页面上麦===')\n        try:\n            self.multanchor.up_microphone()\n>           toast_text = self.multanchor.toast_message(\"直播间无法上麦\").text\n\ntest_10party_mult.py:2593: \n_ _ _ _ _ _ _ _ _ _ _ _ _ _ _ _ _ _ _ _ _ _ _ _ _ _ _ _ _ _ _ _ _ _ _ _ _ _ _ _ _ _ _ _ _ _ _ _ _ _ _ _ _ _ _ _ _ _ _ _ _ _ _ _ _ _ _ _ _ _ _ _ _ _ _ _ _ _ _ _ _ _ _ _ _ _ _ _ _ _ _ _ _ _ _ _ _ _ _ _ _ _ _ _ _ _ _ _ _ \n..\\common\\partytencommon\\multparty_ten_anchor.py:602: in toast_message\n    return WebDriverWait(self.driver, 10, 0.05).until(\n_ _ _ _ _ _ _ _ _ _ _ _ _ _ _ _ _ _ _ _ _ _ _ _ _ _ _ _ _ _ _ _ _ _ _ _ _ _ _ _ _ _ _ _ _ _ _ _ _ _ _ _ _ _ _ _ _ _ _ _ _ _ _ _ _ _ _ _ _ _ _ _ _ _ _ _ _ _ _ _ _ _ _ _ _ _ _ _ _ _ _ _ _ _ _ _ _ _ _ _ _ _ _ _ _ _ _ _ _ \n\nself = <selenium.webdriver.support.wait.WebDriverWait (session=\"e7c44ebd-ad88-407e-9b8e-875a7a6e09a2\")>, method = <function presence_of_element_located.<locals>._predicate at 0x000001F09A0DACA0>, message = ''\n\n    def until(self, method, message: str = \"\"):\n        \"\"\"Calls the method provided with the driver as an argument until the \\\n        return value does not evaluate to ``False``.\n    \n        :param method: callable(WebDriver)\n        :param message: optional message for :exc:`TimeoutException`\n        :returns: the result of the last call to `method`\n        :raises: :exc:`selenium.common.exceptions.TimeoutException` if timeout occurs\n        \"\"\"\n        screen = None\n        stacktrace = None\n    \n        end_time = time.monotonic() + self._timeout\n        while True:\n            try:\n                value = method(self._driver)\n                if value:\n                    return value\n            except self._ignored_exceptions as exc:\n                screen = getattr(exc, \"screen\", None)\n                stacktrace = getattr(exc, \"stacktrace\", None)\n            time.sleep(self._poll)\n            if time.monotonic() > end_time:\n                break\n>       raise TimeoutException(message, screen, stacktrace)\nE       selenium.common.exceptions.TimeoutException: Message: \nE       Stacktrace:\nE       NoSuchElementError: An element could not be located on the page using the given search parameters.\nE           at AndroidUiautomator2Driver.findElOrEls (C:\\Users\\pgk bqt\\AppData\\Local\\Programs\\Appium Server GUI\\resources\\app\\node_modules\\appium\\node_modules\\appium-android-driver\\lib\\commands\\find.js:75:11)\nE           at runMicrotasks (<anonymous>)\nE           at processTicksAndRejections (internal/process/task_queues.js:97:5)\nE           at AndroidUiautomator2Driver.findElOrElsWithProcessing (C:\\Users\\pgk bqt\\AppData\\Local\\Programs\\Appium Server GUI\\resources\\app\\node_modules\\appium\\node_modules\\appium-base-driver\\lib\\basedriver\\commands\\find.js:33:12)\nE           at AndroidUiautomator2Driver.findElement (C:\\Users\\pgk bqt\\AppData\\Local\\Programs\\Appium Server GUI\\resources\\app\\node_modules\\appium\\node_modules\\appium-base-driver\\lib\\basedriver\\commands\\find.js:53:10)\n\nE:\\pycharm_file\\Chamet_project\\Lib\\site-packages\\selenium\\webdriver\\support\\wait.py:95: TimeoutException"}, "attachments": [{"name": "party_ten", "source": "abf7cce5-193f-4f8b-9d0d-8429485c882f-attachment.png", "type": "image/png"}, {"name": "log", "source": "66da646c-0ca8-4667-ba31-83ea29fa7bd1-attachment.txt", "type": "text/plain"}], "start": 1689583754478, "stop": 1689583766335, "uuid": "863ba0fa-a403-4972-8d85-7f44d087e2f7", "historyId": "ba92eac9e7080dbda0f83053ee2764eb", "testCaseId": "ba92eac9e7080dbda0f83053ee2764eb", "fullName": "test_10party_mult.Test_multchamet#test_TenParty_117", "labels": [{"name": "severity", "value": "minor"}, {"name": "suite", "value": "test_10party_mult"}, {"name": "subSuite", "value": "Test_multchamet"}, {"name": "host", "value": "DESKTOP-8OL56K6"}, {"name": "thread", "value": "3740-MainThread"}, {"name": "framework", "value": "pytest"}, {"name": "language", "value": "cpython3"}, {"name": "package", "value": "test_10party_mult"}]}