{"name": "用例56：留言-群聊消息-发言", "status": "broken", "statusDetails": {"message": "FileNotFoundError: [Errno 2] No such file or directory: 'C:\\\\Users\\\\pgk bqt\\\\PycharmProjects\\\\github_Chamet\\\\ChametProject_UI\\\\Mypage_multi\\\\common../../screenshots/my_page/留言-群聊消息-发言_2023-09-07 16_45_03.png'", "trace": "self = <test_case.test_mypage_message_multi.Test_multi_mypage object at 0x0000013514903290>\n\n    @allure.story('留言')\n    # @pytest.mark.skip(reason=\"本次不执行\")\n    @allure.severity(allure.severity_level.BLOCKER)\n    @allure.title('用例56：留言-群聊消息-发言')\n    def test_homepage56(self):\n        logging.info(\"===留言-群聊消息-发言===\")\n        try:\n            name_text =\"vndsiiovnhif VFSHTR\"\n>           self.mandriver.find_element(*MultiMan.messages_Group_inputBtn).send_keys(name_text)\n\ntest_mypage_message_multi.py:1155: \n_ _ _ _ _ _ _ _ _ _ _ _ _ _ _ _ _ _ _ _ _ _ _ _ _ _ _ _ _ _ _ _ _ _ _ _ _ _ _ _ _ _ _ _ _ _ _ _ _ _ _ _ _ _ _ _ _ _ _ _ _ _ _ _ _ _ _ _ _ _ _ _ _ _ _ _ _ _ _ _ _ _ _ _ _ _ _ _ _ _ _ _ _ _ _ _ _ _ _ _ _ _ _ _ _ _ _ _ _ \n\nself = <appium.webdriver.webdriver.WebDriver (session=\"2afaef9f-9a21-46f2-9a60-ef83761cdcef\")>, by = 'id', value = 'com.hkfuliao.chamet:id/et_edit_chat_info'\n\n    def find_element(self, by: str = AppiumBy.ID, value: Union[str, Dict, None] = None) -> MobileWebElement:\n        \"\"\"\n        Find an element given a AppiumBy strategy and locator\n    \n        Args:\n            by: The strategy\n            value: The locator\n    \n        Usage:\n            driver.find_element(by=AppiumBy.ACCESSIBILITY_ID, value='accessibility_id')\n    \n        Returns:\n            `appium.webdriver.webelement.WebElement`: The found element\n    \n        \"\"\"\n        # We prefer to patch locators in the client code\n        # Checking current context every time a locator is accessed could significantly slow down tests\n        # Check https://github.com/appium/python-client/pull/724 before submitting any issue\n        # if by == By.ID:\n        #     by = By.CSS_SELECTOR\n        #     value = '[id=\"%s\"]' % value\n        # elif by == By.TAG_NAME:\n        #     by = By.CSS_SELECTOR\n        # elif by == By.CLASS_NAME:\n        #     by = By.CSS_SELECTOR\n        #     value = \".%s\" % value\n        # elif by == By.NAME:\n        #     by = By.CSS_SELECTOR\n        #     value = '[name=\"%s\"]' % value\n    \n>       return self.execute(RemoteCommand.FIND_ELEMENT, {'using': by, 'value': value})['value']\n\nE:\\pycharm_file\\Chamet_project\\Lib\\site-packages\\appium\\webdriver\\webdriver.py:387: \n_ _ _ _ _ _ _ _ _ _ _ _ _ _ _ _ _ _ _ _ _ _ _ _ _ _ _ _ _ _ _ _ _ _ _ _ _ _ _ _ _ _ _ _ _ _ _ _ _ _ _ _ _ _ _ _ _ _ _ _ _ _ _ _ _ _ _ _ _ _ _ _ _ _ _ _ _ _ _ _ _ _ _ _ _ _ _ _ _ _ _ _ _ _ _ _ _ _ _ _ _ _ _ _ _ _ _ _ _ \n\nself = <appium.webdriver.webdriver.WebDriver (session=\"2afaef9f-9a21-46f2-9a60-ef83761cdcef\")>, driver_command = 'findElement', params = {'using': 'id', 'value': 'com.hkfuliao.chamet:id/et_edit_chat_info'}\n\n    def execute(self, driver_command: str, params: dict = None) -> dict:\n        \"\"\"Sends a command to be executed by a command.CommandExecutor.\n    \n        :Args:\n         - driver_command: The name of the command to execute as a string.\n         - params: A dictionary of named parameters to send with the command.\n    \n        :Returns:\n          The command's JSON response loaded into a dictionary object.\n        \"\"\"\n        params = self._wrap_value(params)\n    \n        if self.session_id:\n            if not params:\n                params = {\"sessionId\": self.session_id}\n            elif \"sessionId\" not in params:\n                params[\"sessionId\"] = self.session_id\n    \n        response = self.command_executor.execute(driver_command, params)\n        if response:\n>           self.error_handler.check_response(response)\n\nE:\\pycharm_file\\Chamet_project\\Lib\\site-packages\\selenium\\webdriver\\remote\\webdriver.py:440: \n_ _ _ _ _ _ _ _ _ _ _ _ _ _ _ _ _ _ _ _ _ _ _ _ _ _ _ _ _ _ _ _ _ _ _ _ _ _ _ _ _ _ _ _ _ _ _ _ _ _ _ _ _ _ _ _ _ _ _ _ _ _ _ _ _ _ _ _ _ _ _ _ _ _ _ _ _ _ _ _ _ _ _ _ _ _ _ _ _ _ _ _ _ _ _ _ _ _ _ _ _ _ _ _ _ _ _ _ _ \n\nself = <appium.webdriver.errorhandler.MobileErrorHandler object at 0x0000013514E06690>\nresponse = {'status': 404, 'value': '{\"value\":{\"error\":\"no such element\",\"message\":\"An element could not be located on the page u...\\\\\\node_modules\\\\\\\\appium\\\\\\\\node_modules\\\\\\\\appium-base-driver\\\\\\\\lib\\\\\\\\basedriver\\\\\\\\commands\\\\\\\\find.js:53:10)\"}}'}\n\n    def check_response(self, response: Dict) -> None:\n        try:\n            super().check_response(response)\n        except WebDriverException as wde:\n            if wde.msg == 'No such context found.':\n                raise NoSuchContextException(wde.msg, wde.screen, wde.stacktrace) from wde\n>           raise wde\n\nE:\\pycharm_file\\Chamet_project\\Lib\\site-packages\\appium\\webdriver\\errorhandler.py:30: \n_ _ _ _ _ _ _ _ _ _ _ _ _ _ _ _ _ _ _ _ _ _ _ _ _ _ _ _ _ _ _ _ _ _ _ _ _ _ _ _ _ _ _ _ _ _ _ _ _ _ _ _ _ _ _ _ _ _ _ _ _ _ _ _ _ _ _ _ _ _ _ _ _ _ _ _ _ _ _ _ _ _ _ _ _ _ _ _ _ _ _ _ _ _ _ _ _ _ _ _ _ _ _ _ _ _ _ _ _ \n\nself = <appium.webdriver.errorhandler.MobileErrorHandler object at 0x0000013514E06690>\nresponse = {'status': 404, 'value': '{\"value\":{\"error\":\"no such element\",\"message\":\"An element could not be located on the page u...\\\\\\node_modules\\\\\\\\appium\\\\\\\\node_modules\\\\\\\\appium-base-driver\\\\\\\\lib\\\\\\\\basedriver\\\\\\\\commands\\\\\\\\find.js:53:10)\"}}'}\n\n    def check_response(self, response: Dict) -> None:\n        try:\n>           super().check_response(response)\n\nE:\\pycharm_file\\Chamet_project\\Lib\\site-packages\\appium\\webdriver\\errorhandler.py:26: \n_ _ _ _ _ _ _ _ _ _ _ _ _ _ _ _ _ _ _ _ _ _ _ _ _ _ _ _ _ _ _ _ _ _ _ _ _ _ _ _ _ _ _ _ _ _ _ _ _ _ _ _ _ _ _ _ _ _ _ _ _ _ _ _ _ _ _ _ _ _ _ _ _ _ _ _ _ _ _ _ _ _ _ _ _ _ _ _ _ _ _ _ _ _ _ _ _ _ _ _ _ _ _ _ _ _ _ _ _ \n\nself = <appium.webdriver.errorhandler.MobileErrorHandler object at 0x0000013514E06690>\nresponse = {'status': 404, 'value': '{\"value\":{\"error\":\"no such element\",\"message\":\"An element could not be located on the page u...\\\\\\node_modules\\\\\\\\appium\\\\\\\\node_modules\\\\\\\\appium-base-driver\\\\\\\\lib\\\\\\\\basedriver\\\\\\\\commands\\\\\\\\find.js:53:10)\"}}'}\n\n    def check_response(self, response: Dict[str, Any]) -> None:\n        \"\"\"Checks that a JSON response from the WebDriver does not have an\n        error.\n    \n        :Args:\n         - response - The JSON response from the WebDriver server as a dictionary\n           object.\n    \n        :Raises: If the response contains an error message.\n        \"\"\"\n        status = response.get(\"status\", None)\n        if not status or status == ErrorCode.SUCCESS:\n            return\n        value = None\n        message = response.get(\"message\", \"\")\n        screen: str = response.get(\"screen\", \"\")\n        stacktrace = None\n        if isinstance(status, int):\n            value_json = response.get(\"value\", None)\n            if value_json and isinstance(value_json, str):\n                import json\n    \n                try:\n                    value = json.loads(value_json)\n                    if len(value) == 1:\n                        value = value[\"value\"]\n                    status = value.get(\"error\", None)\n                    if not status:\n                        status = value.get(\"status\", ErrorCode.UNKNOWN_ERROR)\n                        message = value.get(\"value\") or value.get(\"message\")\n                        if not isinstance(message, str):\n                            value = message\n                            message = message.get(\"message\")\n                    else:\n                        message = value.get(\"message\", None)\n                except ValueError:\n                    pass\n    \n        exception_class: Type[WebDriverException]\n        if status in ErrorCode.NO_SUCH_ELEMENT:\n            exception_class = NoSuchElementException\n        elif status in ErrorCode.NO_SUCH_FRAME:\n            exception_class = NoSuchFrameException\n        elif status in ErrorCode.NO_SUCH_SHADOW_ROOT:\n            exception_class = NoSuchShadowRootException\n        elif status in ErrorCode.NO_SUCH_WINDOW:\n            exception_class = NoSuchWindowException\n        elif status in ErrorCode.STALE_ELEMENT_REFERENCE:\n            exception_class = StaleElementReferenceException\n        elif status in ErrorCode.ELEMENT_NOT_VISIBLE:\n            exception_class = ElementNotVisibleException\n        elif status in ErrorCode.INVALID_ELEMENT_STATE:\n            exception_class = InvalidElementStateException\n        elif (\n            status in ErrorCode.INVALID_SELECTOR\n            or status in ErrorCode.INVALID_XPATH_SELECTOR\n            or status in ErrorCode.INVALID_XPATH_SELECTOR_RETURN_TYPER\n        ):\n            exception_class = InvalidSelectorException\n        elif status in ErrorCode.ELEMENT_IS_NOT_SELECTABLE:\n            exception_class = ElementNotSelectableException\n        elif status in ErrorCode.ELEMENT_NOT_INTERACTABLE:\n            exception_class = ElementNotInteractableException\n        elif status in ErrorCode.INVALID_COOKIE_DOMAIN:\n            exception_class = InvalidCookieDomainException\n        elif status in ErrorCode.UNABLE_TO_SET_COOKIE:\n            exception_class = UnableToSetCookieException\n        elif status in ErrorCode.TIMEOUT:\n            exception_class = TimeoutException\n        elif status in ErrorCode.SCRIPT_TIMEOUT:\n            exception_class = TimeoutException\n        elif status in ErrorCode.UNKNOWN_ERROR:\n            exception_class = WebDriverException\n        elif status in ErrorCode.UNEXPECTED_ALERT_OPEN:\n            exception_class = UnexpectedAlertPresentException\n        elif status in ErrorCode.NO_ALERT_OPEN:\n            exception_class = NoAlertPresentException\n        elif status in ErrorCode.IME_NOT_AVAILABLE:\n            exception_class = ImeNotAvailableException\n        elif status in ErrorCode.IME_ENGINE_ACTIVATION_FAILED:\n            exception_class = ImeActivationFailedException\n        elif status in ErrorCode.MOVE_TARGET_OUT_OF_BOUNDS:\n            exception_class = MoveTargetOutOfBoundsException\n        elif status in ErrorCode.JAVASCRIPT_ERROR:\n            exception_class = JavascriptException\n        elif status in ErrorCode.SESSION_NOT_CREATED:\n            exception_class = SessionNotCreatedException\n        elif status in ErrorCode.INVALID_ARGUMENT:\n            exception_class = InvalidArgumentException\n        elif status in ErrorCode.NO_SUCH_COOKIE:\n            exception_class = NoSuchCookieException\n        elif status in ErrorCode.UNABLE_TO_CAPTURE_SCREEN:\n            exception_class = ScreenshotException\n        elif status in ErrorCode.ELEMENT_CLICK_INTERCEPTED:\n            exception_class = ElementClickInterceptedException\n        elif status in ErrorCode.INSECURE_CERTIFICATE:\n            exception_class = InsecureCertificateException\n        elif status in ErrorCode.INVALID_COORDINATES:\n            exception_class = InvalidCoordinatesException\n        elif status in ErrorCode.INVALID_SESSION_ID:\n            exception_class = InvalidSessionIdException\n        elif status in ErrorCode.UNKNOWN_METHOD:\n            exception_class = UnknownMethodException\n        else:\n            exception_class = WebDriverException\n        if not value:\n            value = response[\"value\"]\n        if isinstance(value, str):\n            raise exception_class(value)\n        if message == \"\" and \"message\" in value:\n            message = value[\"message\"]\n    \n        screen = None  # type: ignore[assignment]\n        if \"screen\" in value:\n            screen = value[\"screen\"]\n    \n        stacktrace = None\n        st_value = value.get(\"stackTrace\") or value.get(\"stacktrace\")\n        if st_value:\n            if isinstance(st_value, str):\n                stacktrace = st_value.split(\"\\n\")\n            else:\n                stacktrace = []\n                try:\n                    for frame in st_value:\n                        line = frame.get(\"lineNumber\", \"\")\n                        file = frame.get(\"fileName\", \"<anonymous>\")\n                        if line:\n                            file = f\"{file}:{line}\"\n                        meth = frame.get(\"methodName\", \"<anonymous>\")\n                        if \"className\" in frame:\n                            meth = f\"{frame['className']}.{meth}\"\n                        msg = \"    at %s (%s)\"\n                        msg = msg % (meth, file)\n                        stacktrace.append(msg)\n                except TypeError:\n                    pass\n        if exception_class == UnexpectedAlertPresentException:\n            alert_text = None\n            if \"data\" in value:\n                alert_text = value[\"data\"].get(\"text\")\n            elif \"alert\" in value:\n                alert_text = value[\"alert\"].get(\"text\")\n            raise exception_class(message, screen, stacktrace, alert_text)  # type: ignore[call-arg]  # mypy is not smart enough here\n>       raise exception_class(message, screen, stacktrace)\nE       selenium.common.exceptions.NoSuchElementException: Message: An element could not be located on the page using the given search parameters.\nE       Stacktrace:\nE       NoSuchElementError: An element could not be located on the page using the given search parameters.\nE           at AndroidUiautomator2Driver.findElOrEls (C:\\Users\\pgk bqt\\AppData\\Local\\Programs\\Appium Server GUI\\resources\\app\\node_modules\\appium\\node_modules\\appium-android-driver\\lib\\commands\\find.js:75:11)\nE           at runMicrotasks (<anonymous>)\nE           at processTicksAndRejections (internal/process/task_queues.js:97:5)\nE           at AndroidUiautomator2Driver.findElOrElsWithProcessing (C:\\Users\\pgk bqt\\AppData\\Local\\Programs\\Appium Server GUI\\resources\\app\\node_modules\\appium\\node_modules\\appium-base-driver\\lib\\basedriver\\commands\\find.js:33:12)\nE           at AndroidUiautomator2Driver.findElement (C:\\Users\\pgk bqt\\AppData\\Local\\Programs\\Appium Server GUI\\resources\\app\\node_modules\\appium\\node_modules\\appium-base-driver\\lib\\basedriver\\commands\\find.js:53:10)\n\nE:\\pycharm_file\\Chamet_project\\Lib\\site-packages\\selenium\\webdriver\\remote\\errorhandler.py:245: NoSuchElementException\n\nDuring handling of the above exception, another exception occurred:\n\nself = <test_case.test_mypage_message_multi.Test_multi_mypage object at 0x0000013514903290>\n\n    @allure.story('留言')\n    # @pytest.mark.skip(reason=\"本次不执行\")\n    @allure.severity(allure.severity_level.BLOCKER)\n    @allure.title('用例56：留言-群聊消息-发言')\n    def test_homepage56(self):\n        logging.info(\"===留言-群聊消息-发言===\")\n        try:\n            name_text =\"vndsiiovnhif VFSHTR\"\n            self.mandriver.find_element(*MultiMan.messages_Group_inputBtn).send_keys(name_text)\n            self.mandriver.find_element(*MultiMan.messages_Group_inputBtn).click()\n            self.mandriver.find_element(*MultiMan.messages_Group_inputSendBtn).click()\n            time.sleep(1)\n            assert self.mandriver.find_elements(*MultiMan.messages_Group_TextInputContent)[-1].text==name_text\n            assert self.womandriver.find_elements(*MultiWoman.messages_Group_TextInputContent)[-1].text == name_text\n            logging.info('===断言成功===')\n    \n        except AssertionError as e:\n            logging.info('===断言失败===')\n            screen_name = self.multiman.screenshot('留言-群聊消息-发言')\n            logging.info(f'截图成功，图片为{screen_name}')\n            raise\n        except:\n            logging.info(\"===执行失败===\")\n>           screen_name = self.multiman.screenshot('留言-群聊消息-发言')\n\ntest_mypage_message_multi.py:1170: \n_ _ _ _ _ _ _ _ _ _ _ _ _ _ _ _ _ _ _ _ _ _ _ _ _ _ _ _ _ _ _ _ _ _ _ _ _ _ _ _ _ _ _ _ _ _ _ _ _ _ _ _ _ _ _ _ _ _ _ _ _ _ _ _ _ _ _ _ _ _ _ _ _ _ _ _ _ _ _ _ _ _ _ _ _ _ _ _ _ _ _ _ _ _ _ _ _ _ _ _ _ _ _ _ _ _ _ _ _ \n\nself = <common.mypage_multi.multiMypage_man.MultiMan object at 0x0000013513CE7590>, module = '留言-群聊消息-发言'\n\n    def screenshot(self, module):\n        time = self.getTime()\n        # image_file = os.path.dirname(os.path.dirname(__file__)) + '/screenshots/my_page/%s_%s.png' % (module, time)\n        image_file = os.path.dirname(os.path.dirname(__file__)) + '../../screenshots/my_page/%s_%s.png' % (module, time)\n        self.driver.get_screenshot_as_file(image_file)\n>       with open(image_file, mode='rb') as f:\nE       FileNotFoundError: [Errno 2] No such file or directory: 'C:\\\\Users\\\\pgk bqt\\\\PycharmProjects\\\\github_Chamet\\\\ChametProject_UI\\\\Mypage_multi\\\\common../../screenshots/my_page/留言-群聊消息-发言_2023-09-07 16_45_03.png'\n\n..\\common\\mypage_multi\\mypage_common_fun.py:112: FileNotFoundError"}, "attachments": [{"name": "log", "source": "2cc0ef13-6b22-4c01-aeb5-24afbab17615-attachment.txt", "type": "text/plain"}], "start": 1694076295024, "stop": 1694076303707, "uuid": "54370063-ebbe-49c2-899b-1d43585541db", "historyId": "d59570fa6497b908db093eac84180a23", "testCaseId": "d59570fa6497b908db093eac84180a23", "fullName": "test_mypage_message_multi.Test_multi_mypage#test_homepage56", "labels": [{"name": "story", "value": "留言"}, {"name": "severity", "value": "blocker"}, {"name": "suite", "value": "test_mypage_message_multi"}, {"name": "subSuite", "value": "Test_multi_mypage"}, {"name": "host", "value": "DESKTOP-8OL56K6"}, {"name": "thread", "value": "14580-MainThread"}, {"name": "framework", "value": "pytest"}, {"name": "language", "value": "cpython3"}, {"name": "package", "value": "test_mypage_message_multi"}]}